<?xml version="1.0" encoding="UTF-8"?>
<testsuite name="challenge.SubmitTest" tests="6" skipped="0" failures="0" errors="0" timestamp="2020-02-01T18:48:15" hostname="mixirica" time="4.728">
  <properties/>
  <testcase name="q1" classname="challenge.SubmitTest" time="0.609"/>
  <testcase name="q2" classname="challenge.SubmitTest" time="0.347"/>
  <testcase name="q3" classname="challenge.SubmitTest" time="2.119"/>
  <testcase name="q4" classname="challenge.SubmitTest" time="0.593"/>
  <testcase name="q5" classname="challenge.SubmitTest" time="0.669"/>
  <testcase name="q6" classname="challenge.SubmitTest" time="0.388"/>
  <system-out><![CDATA[]]></system-out>
  <system-err><![CDATA[]]></system-err>
</testsuite>
